TN:
SF:src\domain\usecases\auth-usecase.js
FN:4,AuthUseCase
FN:9,auth
FNF:2
FNH:2
FNDA:7,AuthUseCase
FNDA:7,auth
DA:1,1
DA:2,1
DA:3,1
DA:4,1
DA:5,7
DA:6,7
DA:7,7
DA:8,1
DA:9,1
DA:10,7
DA:11,1
DA:12,1
DA:13,7
DA:14,1
DA:15,1
DA:16,5
DA:17,7
DA:18,1
DA:19,1
DA:20,3
DA:21,3
DA:22,7
DA:23,1
DA:24,1
DA:25,7
DA:26,1
LF:26
LH:26
BRDA:4,0,0,7
BRDA:9,1,0,7
BRDA:10,2,0,1
BRDA:12,3,0,6
BRDA:13,4,0,1
BRDA:15,5,0,5
BRDA:17,6,0,4
BRDA:17,7,0,1
BRDA:19,8,0,3
BRDA:22,9,0,1
BRF:10
BRH:10
end_of_record
TN:
SF:src\utils\errors\index.js
FNF:0
FNH:0
DA:1,1
DA:2,1
DA:3,1
DA:4,1
DA:5,1
DA:6,1
DA:7,1
LF:7
LH:7
BRF:0
BRH:0
end_of_record
