TN:
SF:src\domain\usecases\auth-usecase.js
FN:4,AuthUseCase
FN:10,auth
FNF:2
FNH:2
FNDA:18,AuthUseCase
FNDA:18,auth
DA:1,1
DA:2,1
DA:3,1
DA:4,1
DA:5,18
DA:6,18
DA:7,18
DA:8,18
DA:9,1
DA:10,1
DA:11,18
DA:12,1
DA:13,1
DA:14,18
DA:15,1
DA:16,1
DA:17,16
DA:18,18
DA:19,18
DA:20,6
DA:21,4
DA:22,4
DA:23,2
DA:24,2
DA:25,1
LF:25
LH:25
BRDA:4,0,0,18
BRDA:10,1,0,18
BRDA:11,2,0,1
BRDA:13,3,0,17
BRDA:14,4,0,1
BRDA:16,5,0,16
BRDA:18,6,0,10
BRDA:18,7,0,9
BRDA:19,8,0,6
BRDA:21,9,0,4
BRDA:22,10,0,2
BRF:11
BRH:11
end_of_record
TN:
SF:src\presentation\errors\index.js
FNF:0
FNH:0
DA:1,1
DA:2,1
DA:3,1
DA:4,1
DA:5,1
DA:6,1
DA:7,1
LF:7
LH:7
BRF:0
BRH:0
end_of_record
TN:
SF:src\presentation\errors\server-error.js
FN:2,ServerError
FNF:1
FNH:1
FNDA:14,ServerError
DA:1,1
DA:2,1
DA:3,14
DA:4,14
DA:5,14
DA:6,1
LF:6
LH:6
BRDA:2,0,0,14
BRF:1
BRH:1
end_of_record
TN:
SF:src\presentation\errors\unauthorized-error.js
FN:2,UnauthorizedError
FNF:1
FNH:1
FNDA:2,UnauthorizedError
DA:1,1
DA:2,1
DA:3,2
DA:4,2
DA:5,2
DA:6,1
LF:6
LH:6
BRDA:2,0,0,2
BRF:1
BRH:1
end_of_record
TN:
SF:src\presentation\helpers\http-response.js
FN:4,bedRequest
FN:11,serverError
FN:18,unauthorizedError
FN:25,ok
FNF:4
FNH:4
FNDA:3,bedRequest
FNDA:8,serverError
FNDA:1,unauthorizedError
FNDA:3,ok
DA:1,1
DA:2,1
DA:3,1
DA:4,1
DA:5,3
DA:6,3
DA:7,3
DA:8,3
DA:9,3
DA:10,1
DA:11,1
DA:12,8
DA:13,8
DA:14,8
DA:15,8
DA:16,8
DA:17,1
DA:18,1
DA:19,1
DA:20,1
DA:21,1
DA:22,1
DA:23,1
DA:24,1
DA:25,1
DA:26,3
DA:27,3
DA:28,3
DA:29,3
DA:30,3
DA:31,1
LF:31
LH:31
BRDA:4,0,0,3
BRDA:11,1,0,8
BRDA:18,2,0,1
BRDA:25,3,0,3
BRF:4
BRH:4
end_of_record
TN:
SF:src\presentation\routes\login-router.js
FN:5,LoginRouter
FN:10,route
FNF:2
FNH:2
FNDA:15,LoginRouter
FNDA:15,route
DA:1,1
DA:2,1
DA:3,1
DA:4,1
DA:5,1
DA:6,15
DA:7,15
DA:8,15
DA:9,1
DA:10,1
DA:11,15
DA:12,15
DA:13,15
DA:14,1
DA:15,1
DA:16,15
DA:17,1
DA:18,1
DA:19,15
DA:20,1
DA:21,1
DA:22,4
DA:23,15
DA:24,1
DA:25,1
DA:26,3
DA:27,15
DA:28,8
DA:29,8
DA:30,8
DA:31,15
DA:32,1
LF:32
LH:32
BRDA:5,0,0,15
BRDA:10,1,0,15
BRDA:13,2,0,1
BRDA:15,3,0,12
BRDA:16,4,0,1
BRDA:18,5,0,5
BRDA:19,6,0,1
BRDA:21,7,0,4
BRDA:23,8,0,1
BRDA:25,9,0,3
BRDA:27,10,0,8
BRF:11
BRH:11
end_of_record
TN:
SF:src\utils\email-validator.js
FN:4,isValid
FNF:1
FNH:1
FNDA:3,isValid
DA:1,1
DA:2,1
DA:3,1
DA:4,1
DA:5,3
DA:6,3
DA:7,1
LF:7
LH:7
BRDA:4,0,0,3
BRF:1
BRH:1
end_of_record
TN:
SF:src\utils\errors\index.js
FNF:0
FNH:0
DA:1,1
DA:2,1
DA:3,1
DA:4,1
DA:5,1
DA:6,1
DA:7,1
LF:7
LH:7
BRF:0
BRH:0
end_of_record
TN:
SF:src\utils\errors\invalid-param-error.js
FN:2,MissingParamError
FNF:1
FNH:1
FNDA:2,MissingParamError
DA:1,1
DA:2,1
DA:3,2
DA:4,2
DA:5,2
DA:6,1
LF:6
LH:6
BRDA:2,0,0,2
BRF:1
BRH:1
end_of_record
TN:
SF:src\utils\errors\missing-param-error.js
FN:2,MissingParamError
FNF:1
FNH:1
FNDA:4,MissingParamError
DA:1,1
DA:2,1
DA:3,4
DA:4,4
DA:5,4
DA:6,1
LF:6
LH:6
BRDA:2,0,0,4
BRF:1
BRH:1
end_of_record
